573143021107: QUEUE: ans_cfab2784-31c0-4607-b6d6-c241273d3460
573143021107: EXECUTING: ans_cfab2784-31c0-4607-b6d6-c241273d3460
573143021107: SUCCESS: ans_cfab2784-31c0-4607-b6d6-c241273d3460
573143021107: SUCCESS: ans_cfab2784-31c0-4607-b6d6-c241273d3460
573143021107: QUEUE: ans_f37be7ca-25e9-46e1-8508-f139931bc9f1
573143021107: EXECUTING: ans_f37be7ca-25e9-46e1-8508-f139931bc9f1
573143021107: SUCCESS: ans_f37be7ca-25e9-46e1-8508-f139931bc9f1
573143021107: SUCCESS: ans_f37be7ca-25e9-46e1-8508-f139931bc9f1
573143021107: QUEUE: ans_5d7f96fc-66d6-46b6-ba01-48829e9bfe7d
573143021107: EXECUTING: ans_5d7f96fc-66d6-46b6-ba01-48829e9bfe7d
573143021107: SUCCESS: ans_5d7f96fc-66d6-46b6-ba01-48829e9bfe7d
573143021107: SUCCESS: ans_5d7f96fc-66d6-46b6-ba01-48829e9bfe7d
573143021107: QUEUE: ans_6ca595b8-db81-43b2-a9d1-bd83bea560cb
573143021107: EXECUTING: ans_6ca595b8-db81-43b2-a9d1-bd83bea560cb
573143021107: SUCCESS: ans_6ca595b8-db81-43b2-a9d1-bd83bea560cb
573143021107: SUCCESS: ans_6ca595b8-db81-43b2-a9d1-bd83bea560cb
573143021107: QUEUE: ans_6e46d464-baeb-40e5-b2a1-6d134b358877
573143021107: EXECUTING: ans_6e46d464-baeb-40e5-b2a1-6d134b358877
573143021107: SUCCESS: ans_6e46d464-baeb-40e5-b2a1-6d134b358877
573143021107: SUCCESS: ans_6e46d464-baeb-40e5-b2a1-6d134b358877
573143021107: QUEUE: ans_d2c72129-497e-4938-b57b-bfbf6c878e5a
573143021107: EXECUTING: ans_d2c72129-497e-4938-b57b-bfbf6c878e5a
573143021107: SUCCESS: ans_d2c72129-497e-4938-b57b-bfbf6c878e5a
573143021107: SUCCESS: ans_d2c72129-497e-4938-b57b-bfbf6c878e5a
573143021107: QUEUE: ans_cfab2784-31c0-4607-b6d6-c241273d3460
573143021107: EXECUTING: ans_cfab2784-31c0-4607-b6d6-c241273d3460
573143021107: SUCCESS: ans_cfab2784-31c0-4607-b6d6-c241273d3460
573143021107: SUCCESS: ans_cfab2784-31c0-4607-b6d6-c241273d3460
573143021107: QUEUE: ans_f37be7ca-25e9-46e1-8508-f139931bc9f1
573143021107: EXECUTING: ans_f37be7ca-25e9-46e1-8508-f139931bc9f1
573143021107: SUCCESS: ans_f37be7ca-25e9-46e1-8508-f139931bc9f1
573143021107: SUCCESS: ans_f37be7ca-25e9-46e1-8508-f139931bc9f1
573143021107: QUEUE: ans_5d7f96fc-66d6-46b6-ba01-48829e9bfe7d
573143021107: EXECUTING: ans_5d7f96fc-66d6-46b6-ba01-48829e9bfe7d
573143021107: SUCCESS: ans_5d7f96fc-66d6-46b6-ba01-48829e9bfe7d
573143021107: SUCCESS: ans_5d7f96fc-66d6-46b6-ba01-48829e9bfe7d
573005338197: QUEUE: ans_0798f98e-c75f-466e-b1d2-b938bb6b572f
573005338197: EXECUTING: ans_0798f98e-c75f-466e-b1d2-b938bb6b572f
573005338197: SUCCESS: ans_0798f98e-c75f-466e-b1d2-b938bb6b572f
573005338197: SUCCESS: ans_0798f98e-c75f-466e-b1d2-b938bb6b572f
573005338197: QUEUE: ans_b2888168-0b02-412f-a9e2-06e555cd1c81
573005338197: EXECUTING: ans_b2888168-0b02-412f-a9e2-06e555cd1c81
573005338197: SUCCESS: ans_b2888168-0b02-412f-a9e2-06e555cd1c81
573005338197: SUCCESS: ans_b2888168-0b02-412f-a9e2-06e555cd1c81
573005338197: QUEUE: ans_f5a16431-bc68-4455-acdc-be433250109f
573005338197: EXECUTING: ans_f5a16431-bc68-4455-acdc-be433250109f
573005338197: SUCCESS: ans_f5a16431-bc68-4455-acdc-be433250109f
573005338197: SUCCESS: ans_f5a16431-bc68-4455-acdc-be433250109f
573005338197: QUEUE: ans_f759c758-ef96-4ede-8cba-e73b6f3bf8e1
573005338197: EXECUTING: ans_f759c758-ef96-4ede-8cba-e73b6f3bf8e1
573005338197: SUCCESS: ans_f759c758-ef96-4ede-8cba-e73b6f3bf8e1
573005338197: SUCCESS: ans_f759c758-ef96-4ede-8cba-e73b6f3bf8e1
573005338197: QUEUE: ans_661c1eac-886f-4029-b1b7-38c237ea0647
573005338197: EXECUTING: ans_661c1eac-886f-4029-b1b7-38c237ea0647
573005338197: SUCCESS: ans_661c1eac-886f-4029-b1b7-38c237ea0647
573005338197: SUCCESS: ans_661c1eac-886f-4029-b1b7-38c237ea0647
573005338197: QUEUE: ans_dedf2660-362d-4474-a2af-4b47f66bb66b
573005338197: EXECUTING: ans_dedf2660-362d-4474-a2af-4b47f66bb66b
573005338197: SUCCESS: ans_dedf2660-362d-4474-a2af-4b47f66bb66b
573005338197: SUCCESS: ans_dedf2660-362d-4474-a2af-4b47f66bb66b
